[2025-12-03T16:26:06.964-0500] {manager.py:470} INFO - Processing files using up to 1 processes at a time 
[2025-12-03T16:26:06.964-0500] {manager.py:471} INFO - Process each file at most once every 30 seconds
[2025-12-03T16:26:06.964-0500] {manager.py:472} INFO - Checking for new files in /Users/manny/Documents/Coding/JobSearch/Enterprise CRM Territory & Segmentation Engine/crm-territory-engine/airflow/dags every 300 seconds
[2025-12-03T16:26:06.964-0500] {manager.py:737} INFO - Searching for files in /Users/manny/Documents/Coding/JobSearch/Enterprise CRM Territory & Segmentation Engine/crm-territory-engine/airflow/dags
[2025-12-03T16:26:06.978-0500] {manager.py:740} INFO - There are 52 files in /Users/manny/Documents/Coding/JobSearch/Enterprise CRM Territory & Segmentation Engine/crm-territory-engine/airflow/dags
[2025-12-03T16:26:07.668-0500] {manager.py:878} INFO - 
================================================================================
DAG File Processing Stats

File Path                                                                                                                                                                                                                      PID    Runtime      # DAGs    # Errors  Last Runtime    Last Run
-----------------------------------------------------------------------------------------------------------------------------------------------------------------------------------------------------------------------------  -----  ---------  --------  ----------  --------------  -------------------
/Users/manny/Documents/Coding/JobSearch/Enterprise CRM Territory & Segmentation Engine/crm-territory-engine/airflow/dags/crm_client_ingestion_dag.py                                                                                                    0           1  0.65s           2025-12-03T21:26:07
/Users/manny/Documents/Coding/JobSearch/Enterprise CRM Territory & Segmentation Engine/crm-territory-engine/venv/lib/python3.11/site-packages/airflow/example_dags/example_latest_only.py                                                               0           0
/Users/manny/Documents/Coding/JobSearch/Enterprise CRM Territory & Segmentation Engine/crm-territory-engine/venv/lib/python3.11/site-packages/airflow/example_dags/example_local_kubernetes_executor.py                                                 0           0
/Users/manny/Documents/Coding/JobSearch/Enterprise CRM Territory & Segmentation Engine/crm-territory-engine/venv/lib/python3.11/site-packages/airflow/example_dags/example_task_group_decorator.py                                                      0           0
/Users/manny/Documents/Coding/JobSearch/Enterprise CRM Territory & Segmentation Engine/crm-territory-engine/venv/lib/python3.11/site-packages/airflow/example_dags/example_complex.py                                                                   0           0
/Users/manny/Documents/Coding/JobSearch/Enterprise CRM Territory & Segmentation Engine/crm-territory-engine/venv/lib/python3.11/site-packages/airflow/example_dags/example_python_operator.py                                                           0           0
/Users/manny/Documents/Coding/JobSearch/Enterprise CRM Territory & Segmentation Engine/crm-territory-engine/venv/lib/python3.11/site-packages/airflow/example_dags/tutorial_taskflow_api_virtualenv.py                                                  0           0
/Users/manny/Documents/Coding/JobSearch/Enterprise CRM Territory & Segmentation Engine/crm-territory-engine/venv/lib/python3.11/site-packages/airflow/example_dags/example_params_trigger_ui.py                                                         0           0
/Users/manny/Documents/Coding/JobSearch/Enterprise CRM Territory & Segmentation Engine/crm-territory-engine/venv/lib/python3.11/site-packages/airflow/example_dags/example_external_task_marker_dag.py                                                  0           0
/Users/manny/Documents/Coding/JobSearch/Enterprise CRM Territory & Segmentation Engine/crm-territory-engine/venv/lib/python3.11/site-packages/airflow/example_dags/tutorial_objectstorage.py                                                            0           0
/Users/manny/Documents/Coding/JobSearch/Enterprise CRM Territory & Segmentation Engine/crm-territory-engine/venv/lib/python3.11/site-packages/airflow/example_dags/example_bash_operator.py                                                             0           0
/Users/manny/Documents/Coding/JobSearch/Enterprise CRM Territory & Segmentation Engine/crm-territory-engine/venv/lib/python3.11/site-packages/airflow/example_dags/example_short_circuit_operator.py                                                    0           0
/Users/manny/Documents/Coding/JobSearch/Enterprise CRM Territory & Segmentation Engine/crm-territory-engine/venv/lib/python3.11/site-packages/airflow/example_dags/example_setup_teardown.py                                                            0           0
/Users/manny/Documents/Coding/JobSearch/Enterprise CRM Territory & Segmentation Engine/crm-territory-engine/venv/lib/python3.11/site-packages/airflow/example_dags/example_branch_operator.py                                                           0           0
/Users/manny/Documents/Coding/JobSearch/Enterprise CRM Territory & Segmentation Engine/crm-territory-engine/venv/lib/python3.11/site-packages/airflow/example_dags/example_branch_labels.py                                                             0           0
/Users/manny/Documents/Coding/JobSearch/Enterprise CRM Territory & Segmentation Engine/crm-territory-engine/venv/lib/python3.11/site-packages/airflow/example_dags/tutorial_taskflow_api.py                                                             0           0
/Users/manny/Documents/Coding/JobSearch/Enterprise CRM Territory & Segmentation Engine/crm-territory-engine/venv/lib/python3.11/site-packages/airflow/example_dags/example_task_group.py                                                                0           0
/Users/manny/Documents/Coding/JobSearch/Enterprise CRM Territory & Segmentation Engine/crm-territory-engine/venv/lib/python3.11/site-packages/airflow/example_dags/tutorial.py                                                                          0           0
/Users/manny/Documents/Coding/JobSearch/Enterprise CRM Territory & Segmentation Engine/crm-territory-engine/venv/lib/python3.11/site-packages/airflow/example_dags/example_python_decorator.py                                                          0           0
/Users/manny/Documents/Coding/JobSearch/Enterprise CRM Territory & Segmentation Engine/crm-territory-engine/venv/lib/python3.11/site-packages/airflow/example_dags/example_sla_dag.py                                                                   0           0
/Users/manny/Documents/Coding/JobSearch/Enterprise CRM Territory & Segmentation Engine/crm-territory-engine/venv/lib/python3.11/site-packages/airflow/example_dags/example_passing_params_via_test_command.py                                           0           0
/Users/manny/Documents/Coding/JobSearch/Enterprise CRM Territory & Segmentation Engine/crm-territory-engine/venv/lib/python3.11/site-packages/airflow/example_dags/example_latest_only_with_trigger.py                                                  0           0
/Users/manny/Documents/Coding/JobSearch/Enterprise CRM Territory & Segmentation Engine/crm-territory-engine/venv/lib/python3.11/site-packages/airflow/example_dags/example_time_delta_sensor_async.py                                                   0           0
/Users/manny/Documents/Coding/JobSearch/Enterprise CRM Territory & Segmentation Engine/crm-territory-engine/venv/lib/python3.11/site-packages/airflow/example_dags/example_dag_decorator.py                                                             0           0
/Users/manny/Documents/Coding/JobSearch/Enterprise CRM Territory & Segmentation Engine/crm-territory-engine/venv/lib/python3.11/site-packages/airflow/example_dags/example_xcom.py                                                                      0           0
/Users/manny/Documents/Coding/JobSearch/Enterprise CRM Territory & Segmentation Engine/crm-territory-engine/venv/lib/python3.11/site-packages/airflow/example_dags/example_xcomargs.py                                                                  0           0
/Users/manny/Documents/Coding/JobSearch/Enterprise CRM Territory & Segmentation Engine/crm-territory-engine/venv/lib/python3.11/site-packages/airflow/example_dags/example_display_name.py                                                              0           0
/Users/manny/Documents/Coding/JobSearch/Enterprise CRM Territory & Segmentation Engine/crm-territory-engine/venv/lib/python3.11/site-packages/airflow/example_dags/example_branch_operator_decorator.py                                                 0           0
/Users/manny/Documents/Coding/JobSearch/Enterprise CRM Territory & Segmentation Engine/crm-territory-engine/venv/lib/python3.11/site-packages/airflow/example_dags/example_branch_day_of_week_operator.py                                               0           0
/Users/manny/Documents/Coding/JobSearch/Enterprise CRM Territory & Segmentation Engine/crm-territory-engine/venv/lib/python3.11/site-packages/airflow/example_dags/example_skip_dag.py                                                                  0           0
/Users/manny/Documents/Coding/JobSearch/Enterprise CRM Territory & Segmentation Engine/crm-territory-engine/venv/lib/python3.11/site-packages/airflow/example_dags/example_short_circuit_decorator.py                                                   0           0
/Users/manny/Documents/Coding/JobSearch/Enterprise CRM Territory & Segmentation Engine/crm-territory-engine/venv/lib/python3.11/site-packages/airflow/example_dags/example_datasets.py                                                                  0           0
/Users/manny/Documents/Coding/JobSearch/Enterprise CRM Territory & Segmentation Engine/crm-territory-engine/venv/lib/python3.11/site-packages/airflow/example_dags/tutorial_dag.py                                                                      0           0
/Users/manny/Documents/Coding/JobSearch/Enterprise CRM Territory & Segmentation Engine/crm-territory-engine/venv/lib/python3.11/site-packages/airflow/example_dags/example_trigger_target_dag.py                                                        0           0
/Users/manny/Documents/Coding/JobSearch/Enterprise CRM Territory & Segmentation Engine/crm-territory-engine/venv/lib/python3.11/site-packages/airflow/example_dags/example_bash_decorator.py                                                            0           0
/Users/manny/Documents/Coding/JobSearch/Enterprise CRM Territory & Segmentation Engine/crm-territory-engine/venv/lib/python3.11/site-packages/airflow/example_dags/example_sensor_decorator.py                                                          0           0
/Users/manny/Documents/Coding/JobSearch/Enterprise CRM Territory & Segmentation Engine/crm-territory-engine/venv/lib/python3.11/site-packages/airflow/example_dags/example_kubernetes_executor.py                                                       0           0
/Users/manny/Documents/Coding/JobSearch/Enterprise CRM Territory & Segmentation Engine/crm-territory-engine/venv/lib/python3.11/site-packages/airflow/example_dags/example_branch_python_dop_operator_3.py                                              0           0
/Users/manny/Documents/Coding/JobSearch/Enterprise CRM Territory & Segmentation Engine/crm-territory-engine/venv/lib/python3.11/site-packages/airflow/example_dags/example_sensors.py                                                                   0           0
/Users/manny/Documents/Coding/JobSearch/Enterprise CRM Territory & Segmentation Engine/crm-territory-engine/venv/lib/python3.11/site-packages/airflow/example_dags/example_setup_teardown_taskflow.py                                                   0           0
/Users/manny/Documents/Coding/JobSearch/Enterprise CRM Territory & Segmentation Engine/crm-territory-engine/venv/lib/python3.11/site-packages/airflow/example_dags/example_branch_datetime_operator.py                                                  0           0
/Users/manny/Documents/Coding/JobSearch/Enterprise CRM Territory & Segmentation Engine/crm-territory-engine/venv/lib/python3.11/site-packages/airflow/example_dags/example_nested_branch_dag.py                                                         0           0
/Users/manny/Documents/Coding/JobSearch/Enterprise CRM Territory & Segmentation Engine/crm-territory-engine/venv/lib/python3.11/site-packages/airflow/example_dags/example_subdag_operator.py                                                           0           0
/Users/manny/Documents/Coding/JobSearch/Enterprise CRM Territory & Segmentation Engine/crm-territory-engine/venv/lib/python3.11/site-packages/airflow/example_dags/example_dynamic_task_mapping_with_no_taskflow_operators.py                           0           0
/Users/manny/Documents/Coding/JobSearch/Enterprise CRM Territory & Segmentation Engine/crm-territory-engine/venv/lib/python3.11/site-packages/airflow/example_dags/example_trigger_controller_dag.py                                                    0           0
/Users/manny/Documents/Coding/JobSearch/Enterprise CRM Territory & Segmentation Engine/crm-territory-engine/venv/lib/python3.11/site-packages/airflow/example_dags/example_params_ui_tutorial.py                                                        0           0
/Users/manny/Documents/Coding/JobSearch/Enterprise CRM Territory & Segmentation Engine/crm-territory-engine/venv/lib/python3.11/site-packages/airflow/example_dags/example_dynamic_task_mapping.py                                                      0           0
/Users/manny/Documents/Coding/JobSearch/Enterprise CRM Territory & Segmentation Engine/crm-territory-engine/venv/lib/python3.11/site-packages/airflow/example_dags/plugins/decreasing_priority_weight_strategy.py                                       0           0
/Users/manny/Documents/Coding/JobSearch/Enterprise CRM Territory & Segmentation Engine/crm-territory-engine/venv/lib/python3.11/site-packages/airflow/example_dags/plugins/workday.py                                                                   0           0
/Users/manny/Documents/Coding/JobSearch/Enterprise CRM Territory & Segmentation Engine/crm-territory-engine/venv/lib/python3.11/site-packages/airflow/example_dags/plugins/event_listener.py                                                            0           0
/Users/manny/Documents/Coding/JobSearch/Enterprise CRM Territory & Segmentation Engine/crm-territory-engine/venv/lib/python3.11/site-packages/airflow/example_dags/plugins/listener_plugin.py                                                           0           0
/Users/manny/Documents/Coding/JobSearch/Enterprise CRM Territory & Segmentation Engine/crm-territory-engine/venv/lib/python3.11/site-packages/airflow/example_dags/subdags/subdag.py                                                                    0           0
================================================================================
[2025-12-03T16:26:16.764-0500] {manager.py:452} INFO - Exiting gracefully upon receiving signal 15
[2025-12-03T16:29:19.729-0500] {manager.py:470} INFO - Processing files using up to 1 processes at a time 
[2025-12-03T16:29:19.729-0500] {manager.py:471} INFO - Process each file at most once every 30 seconds
[2025-12-03T16:29:19.729-0500] {manager.py:472} INFO - Checking for new files in /Users/manny/Documents/Coding/JobSearch/Enterprise CRM Territory & Segmentation Engine/crm-territory-engine/airflow/dags every 300 seconds
[2025-12-03T16:29:19.729-0500] {manager.py:737} INFO - Searching for files in /Users/manny/Documents/Coding/JobSearch/Enterprise CRM Territory & Segmentation Engine/crm-territory-engine/airflow/dags
[2025-12-03T16:29:19.737-0500] {manager.py:740} INFO - There are 52 files in /Users/manny/Documents/Coding/JobSearch/Enterprise CRM Territory & Segmentation Engine/crm-territory-engine/airflow/dags
[2025-12-03T16:29:20.400-0500] {manager.py:878} INFO - 
================================================================================
DAG File Processing Stats

File Path                                                                                                                                                                                                                      PID    Runtime      # DAGs    # Errors  Last Runtime    Last Run
-----------------------------------------------------------------------------------------------------------------------------------------------------------------------------------------------------------------------------  -----  ---------  --------  ----------  --------------  -------------------
/Users/manny/Documents/Coding/JobSearch/Enterprise CRM Territory & Segmentation Engine/crm-territory-engine/airflow/dags/crm_client_ingestion_dag.py                                                                                                    0           1  0.63s           2025-12-03T21:29:20
/Users/manny/Documents/Coding/JobSearch/Enterprise CRM Territory & Segmentation Engine/crm-territory-engine/venv/lib/python3.11/site-packages/airflow/example_dags/example_latest_only.py                                                               0           0
/Users/manny/Documents/Coding/JobSearch/Enterprise CRM Territory & Segmentation Engine/crm-territory-engine/venv/lib/python3.11/site-packages/airflow/example_dags/example_local_kubernetes_executor.py                                                 0           0
/Users/manny/Documents/Coding/JobSearch/Enterprise CRM Territory & Segmentation Engine/crm-territory-engine/venv/lib/python3.11/site-packages/airflow/example_dags/example_task_group_decorator.py                                                      0           0
/Users/manny/Documents/Coding/JobSearch/Enterprise CRM Territory & Segmentation Engine/crm-territory-engine/venv/lib/python3.11/site-packages/airflow/example_dags/example_complex.py                                                                   0           0
/Users/manny/Documents/Coding/JobSearch/Enterprise CRM Territory & Segmentation Engine/crm-territory-engine/venv/lib/python3.11/site-packages/airflow/example_dags/example_python_operator.py                                                           0           0
/Users/manny/Documents/Coding/JobSearch/Enterprise CRM Territory & Segmentation Engine/crm-territory-engine/venv/lib/python3.11/site-packages/airflow/example_dags/tutorial_taskflow_api_virtualenv.py                                                  0           0
/Users/manny/Documents/Coding/JobSearch/Enterprise CRM Territory & Segmentation Engine/crm-territory-engine/venv/lib/python3.11/site-packages/airflow/example_dags/example_params_trigger_ui.py                                                         0           0
/Users/manny/Documents/Coding/JobSearch/Enterprise CRM Territory & Segmentation Engine/crm-territory-engine/venv/lib/python3.11/site-packages/airflow/example_dags/example_external_task_marker_dag.py                                                  0           0
/Users/manny/Documents/Coding/JobSearch/Enterprise CRM Territory & Segmentation Engine/crm-territory-engine/venv/lib/python3.11/site-packages/airflow/example_dags/tutorial_objectstorage.py                                                            0           0
/Users/manny/Documents/Coding/JobSearch/Enterprise CRM Territory & Segmentation Engine/crm-territory-engine/venv/lib/python3.11/site-packages/airflow/example_dags/example_bash_operator.py                                                             0           0
/Users/manny/Documents/Coding/JobSearch/Enterprise CRM Territory & Segmentation Engine/crm-territory-engine/venv/lib/python3.11/site-packages/airflow/example_dags/example_short_circuit_operator.py                                                    0           0
/Users/manny/Documents/Coding/JobSearch/Enterprise CRM Territory & Segmentation Engine/crm-territory-engine/venv/lib/python3.11/site-packages/airflow/example_dags/example_setup_teardown.py                                                            0           0
/Users/manny/Documents/Coding/JobSearch/Enterprise CRM Territory & Segmentation Engine/crm-territory-engine/venv/lib/python3.11/site-packages/airflow/example_dags/example_branch_operator.py                                                           0           0
/Users/manny/Documents/Coding/JobSearch/Enterprise CRM Territory & Segmentation Engine/crm-territory-engine/venv/lib/python3.11/site-packages/airflow/example_dags/example_branch_labels.py                                                             0           0
/Users/manny/Documents/Coding/JobSearch/Enterprise CRM Territory & Segmentation Engine/crm-territory-engine/venv/lib/python3.11/site-packages/airflow/example_dags/tutorial_taskflow_api.py                                                             0           0
/Users/manny/Documents/Coding/JobSearch/Enterprise CRM Territory & Segmentation Engine/crm-territory-engine/venv/lib/python3.11/site-packages/airflow/example_dags/example_task_group.py                                                                0           0
/Users/manny/Documents/Coding/JobSearch/Enterprise CRM Territory & Segmentation Engine/crm-territory-engine/venv/lib/python3.11/site-packages/airflow/example_dags/tutorial.py                                                                          0           0
/Users/manny/Documents/Coding/JobSearch/Enterprise CRM Territory & Segmentation Engine/crm-territory-engine/venv/lib/python3.11/site-packages/airflow/example_dags/example_python_decorator.py                                                          0           0
/Users/manny/Documents/Coding/JobSearch/Enterprise CRM Territory & Segmentation Engine/crm-territory-engine/venv/lib/python3.11/site-packages/airflow/example_dags/example_sla_dag.py                                                                   0           0
/Users/manny/Documents/Coding/JobSearch/Enterprise CRM Territory & Segmentation Engine/crm-territory-engine/venv/lib/python3.11/site-packages/airflow/example_dags/example_passing_params_via_test_command.py                                           0           0
/Users/manny/Documents/Coding/JobSearch/Enterprise CRM Territory & Segmentation Engine/crm-territory-engine/venv/lib/python3.11/site-packages/airflow/example_dags/example_latest_only_with_trigger.py                                                  0           0
/Users/manny/Documents/Coding/JobSearch/Enterprise CRM Territory & Segmentation Engine/crm-territory-engine/venv/lib/python3.11/site-packages/airflow/example_dags/example_time_delta_sensor_async.py                                                   0           0
/Users/manny/Documents/Coding/JobSearch/Enterprise CRM Territory & Segmentation Engine/crm-territory-engine/venv/lib/python3.11/site-packages/airflow/example_dags/example_dag_decorator.py                                                             0           0
/Users/manny/Documents/Coding/JobSearch/Enterprise CRM Territory & Segmentation Engine/crm-territory-engine/venv/lib/python3.11/site-packages/airflow/example_dags/example_xcom.py                                                                      0           0
/Users/manny/Documents/Coding/JobSearch/Enterprise CRM Territory & Segmentation Engine/crm-territory-engine/venv/lib/python3.11/site-packages/airflow/example_dags/example_xcomargs.py                                                                  0           0
/Users/manny/Documents/Coding/JobSearch/Enterprise CRM Territory & Segmentation Engine/crm-territory-engine/venv/lib/python3.11/site-packages/airflow/example_dags/example_display_name.py                                                              0           0
/Users/manny/Documents/Coding/JobSearch/Enterprise CRM Territory & Segmentation Engine/crm-territory-engine/venv/lib/python3.11/site-packages/airflow/example_dags/example_branch_operator_decorator.py                                                 0           0
/Users/manny/Documents/Coding/JobSearch/Enterprise CRM Territory & Segmentation Engine/crm-territory-engine/venv/lib/python3.11/site-packages/airflow/example_dags/example_branch_day_of_week_operator.py                                               0           0
/Users/manny/Documents/Coding/JobSearch/Enterprise CRM Territory & Segmentation Engine/crm-territory-engine/venv/lib/python3.11/site-packages/airflow/example_dags/example_skip_dag.py                                                                  0           0
/Users/manny/Documents/Coding/JobSearch/Enterprise CRM Territory & Segmentation Engine/crm-territory-engine/venv/lib/python3.11/site-packages/airflow/example_dags/example_short_circuit_decorator.py                                                   0           0
/Users/manny/Documents/Coding/JobSearch/Enterprise CRM Territory & Segmentation Engine/crm-territory-engine/venv/lib/python3.11/site-packages/airflow/example_dags/example_datasets.py                                                                  0           0
/Users/manny/Documents/Coding/JobSearch/Enterprise CRM Territory & Segmentation Engine/crm-territory-engine/venv/lib/python3.11/site-packages/airflow/example_dags/tutorial_dag.py                                                                      0           0
/Users/manny/Documents/Coding/JobSearch/Enterprise CRM Territory & Segmentation Engine/crm-territory-engine/venv/lib/python3.11/site-packages/airflow/example_dags/example_trigger_target_dag.py                                                        0           0
/Users/manny/Documents/Coding/JobSearch/Enterprise CRM Territory & Segmentation Engine/crm-territory-engine/venv/lib/python3.11/site-packages/airflow/example_dags/example_bash_decorator.py                                                            0           0
/Users/manny/Documents/Coding/JobSearch/Enterprise CRM Territory & Segmentation Engine/crm-territory-engine/venv/lib/python3.11/site-packages/airflow/example_dags/example_sensor_decorator.py                                                          0           0
/Users/manny/Documents/Coding/JobSearch/Enterprise CRM Territory & Segmentation Engine/crm-territory-engine/venv/lib/python3.11/site-packages/airflow/example_dags/example_kubernetes_executor.py                                                       0           0
/Users/manny/Documents/Coding/JobSearch/Enterprise CRM Territory & Segmentation Engine/crm-territory-engine/venv/lib/python3.11/site-packages/airflow/example_dags/example_branch_python_dop_operator_3.py                                              0           0
/Users/manny/Documents/Coding/JobSearch/Enterprise CRM Territory & Segmentation Engine/crm-territory-engine/venv/lib/python3.11/site-packages/airflow/example_dags/example_sensors.py                                                                   0           0
/Users/manny/Documents/Coding/JobSearch/Enterprise CRM Territory & Segmentation Engine/crm-territory-engine/venv/lib/python3.11/site-packages/airflow/example_dags/example_setup_teardown_taskflow.py                                                   0           0
/Users/manny/Documents/Coding/JobSearch/Enterprise CRM Territory & Segmentation Engine/crm-territory-engine/venv/lib/python3.11/site-packages/airflow/example_dags/example_branch_datetime_operator.py                                                  0           0
/Users/manny/Documents/Coding/JobSearch/Enterprise CRM Territory & Segmentation Engine/crm-territory-engine/venv/lib/python3.11/site-packages/airflow/example_dags/example_nested_branch_dag.py                                                         0           0
/Users/manny/Documents/Coding/JobSearch/Enterprise CRM Territory & Segmentation Engine/crm-territory-engine/venv/lib/python3.11/site-packages/airflow/example_dags/example_subdag_operator.py                                                           0           0
/Users/manny/Documents/Coding/JobSearch/Enterprise CRM Territory & Segmentation Engine/crm-territory-engine/venv/lib/python3.11/site-packages/airflow/example_dags/example_dynamic_task_mapping_with_no_taskflow_operators.py                           0           0
/Users/manny/Documents/Coding/JobSearch/Enterprise CRM Territory & Segmentation Engine/crm-territory-engine/venv/lib/python3.11/site-packages/airflow/example_dags/example_trigger_controller_dag.py                                                    0           0
/Users/manny/Documents/Coding/JobSearch/Enterprise CRM Territory & Segmentation Engine/crm-territory-engine/venv/lib/python3.11/site-packages/airflow/example_dags/example_params_ui_tutorial.py                                                        0           0
/Users/manny/Documents/Coding/JobSearch/Enterprise CRM Territory & Segmentation Engine/crm-territory-engine/venv/lib/python3.11/site-packages/airflow/example_dags/example_dynamic_task_mapping.py                                                      0           0
/Users/manny/Documents/Coding/JobSearch/Enterprise CRM Territory & Segmentation Engine/crm-territory-engine/venv/lib/python3.11/site-packages/airflow/example_dags/plugins/decreasing_priority_weight_strategy.py                                       0           0
/Users/manny/Documents/Coding/JobSearch/Enterprise CRM Territory & Segmentation Engine/crm-territory-engine/venv/lib/python3.11/site-packages/airflow/example_dags/plugins/workday.py                                                                   0           0
/Users/manny/Documents/Coding/JobSearch/Enterprise CRM Territory & Segmentation Engine/crm-territory-engine/venv/lib/python3.11/site-packages/airflow/example_dags/plugins/event_listener.py                                                            0           0
/Users/manny/Documents/Coding/JobSearch/Enterprise CRM Territory & Segmentation Engine/crm-territory-engine/venv/lib/python3.11/site-packages/airflow/example_dags/plugins/listener_plugin.py                                                           0           0
/Users/manny/Documents/Coding/JobSearch/Enterprise CRM Territory & Segmentation Engine/crm-territory-engine/venv/lib/python3.11/site-packages/airflow/example_dags/subdags/subdag.py                                                                    0           0
================================================================================
[2025-12-03T16:29:33.597-0500] {manager.py:452} INFO - Exiting gracefully upon receiving signal 15
[2025-12-03T16:53:33.325-0500] {manager.py:470} INFO - Processing files using up to 1 processes at a time 
[2025-12-03T16:53:33.325-0500] {manager.py:471} INFO - Process each file at most once every 30 seconds
[2025-12-03T16:53:33.325-0500] {manager.py:472} INFO - Checking for new files in /Users/manny/Documents/Coding/JobSearch/Enterprise CRM Territory & Segmentation Engine/crm-territory-engine/airflow/dags every 300 seconds
[2025-12-03T16:53:33.325-0500] {manager.py:737} INFO - Searching for files in /Users/manny/Documents/Coding/JobSearch/Enterprise CRM Territory & Segmentation Engine/crm-territory-engine/airflow/dags
[2025-12-03T16:53:33.333-0500] {manager.py:740} INFO - There are 52 files in /Users/manny/Documents/Coding/JobSearch/Enterprise CRM Territory & Segmentation Engine/crm-territory-engine/airflow/dags
[2025-12-03T16:53:34.331-0500] {manager.py:878} INFO - 
================================================================================
DAG File Processing Stats

File Path                                                                                                                                                                                                                      PID    Runtime      # DAGs    # Errors  Last Runtime    Last Run
-----------------------------------------------------------------------------------------------------------------------------------------------------------------------------------------------------------------------------  -----  ---------  --------  ----------  --------------  -------------------
/Users/manny/Documents/Coding/JobSearch/Enterprise CRM Territory & Segmentation Engine/crm-territory-engine/airflow/dags/crm_client_ingestion_dag.py                                                                                                    1           0  0.96s           2025-12-03T21:53:34
/Users/manny/Documents/Coding/JobSearch/Enterprise CRM Territory & Segmentation Engine/crm-territory-engine/venv/lib/python3.11/site-packages/airflow/example_dags/example_latest_only.py                                                               0           0
/Users/manny/Documents/Coding/JobSearch/Enterprise CRM Territory & Segmentation Engine/crm-territory-engine/venv/lib/python3.11/site-packages/airflow/example_dags/example_local_kubernetes_executor.py                                                 0           0
/Users/manny/Documents/Coding/JobSearch/Enterprise CRM Territory & Segmentation Engine/crm-territory-engine/venv/lib/python3.11/site-packages/airflow/example_dags/example_task_group_decorator.py                                                      0           0
/Users/manny/Documents/Coding/JobSearch/Enterprise CRM Territory & Segmentation Engine/crm-territory-engine/venv/lib/python3.11/site-packages/airflow/example_dags/example_complex.py                                                                   0           0
/Users/manny/Documents/Coding/JobSearch/Enterprise CRM Territory & Segmentation Engine/crm-territory-engine/venv/lib/python3.11/site-packages/airflow/example_dags/example_python_operator.py                                                           0           0
/Users/manny/Documents/Coding/JobSearch/Enterprise CRM Territory & Segmentation Engine/crm-territory-engine/venv/lib/python3.11/site-packages/airflow/example_dags/tutorial_taskflow_api_virtualenv.py                                                  0           0
/Users/manny/Documents/Coding/JobSearch/Enterprise CRM Territory & Segmentation Engine/crm-territory-engine/venv/lib/python3.11/site-packages/airflow/example_dags/example_params_trigger_ui.py                                                         0           0
/Users/manny/Documents/Coding/JobSearch/Enterprise CRM Territory & Segmentation Engine/crm-territory-engine/venv/lib/python3.11/site-packages/airflow/example_dags/example_external_task_marker_dag.py                                                  0           0
/Users/manny/Documents/Coding/JobSearch/Enterprise CRM Territory & Segmentation Engine/crm-territory-engine/venv/lib/python3.11/site-packages/airflow/example_dags/tutorial_objectstorage.py                                                            0           0
/Users/manny/Documents/Coding/JobSearch/Enterprise CRM Territory & Segmentation Engine/crm-territory-engine/venv/lib/python3.11/site-packages/airflow/example_dags/example_bash_operator.py                                                             0           0
/Users/manny/Documents/Coding/JobSearch/Enterprise CRM Territory & Segmentation Engine/crm-territory-engine/venv/lib/python3.11/site-packages/airflow/example_dags/example_short_circuit_operator.py                                                    0           0
/Users/manny/Documents/Coding/JobSearch/Enterprise CRM Territory & Segmentation Engine/crm-territory-engine/venv/lib/python3.11/site-packages/airflow/example_dags/example_setup_teardown.py                                                            0           0
/Users/manny/Documents/Coding/JobSearch/Enterprise CRM Territory & Segmentation Engine/crm-territory-engine/venv/lib/python3.11/site-packages/airflow/example_dags/example_branch_operator.py                                                           0           0
/Users/manny/Documents/Coding/JobSearch/Enterprise CRM Territory & Segmentation Engine/crm-territory-engine/venv/lib/python3.11/site-packages/airflow/example_dags/example_branch_labels.py                                                             0           0
/Users/manny/Documents/Coding/JobSearch/Enterprise CRM Territory & Segmentation Engine/crm-territory-engine/venv/lib/python3.11/site-packages/airflow/example_dags/tutorial_taskflow_api.py                                                             0           0
/Users/manny/Documents/Coding/JobSearch/Enterprise CRM Territory & Segmentation Engine/crm-territory-engine/venv/lib/python3.11/site-packages/airflow/example_dags/example_task_group.py                                                                0           0
/Users/manny/Documents/Coding/JobSearch/Enterprise CRM Territory & Segmentation Engine/crm-territory-engine/venv/lib/python3.11/site-packages/airflow/example_dags/tutorial.py                                                                          0           0
/Users/manny/Documents/Coding/JobSearch/Enterprise CRM Territory & Segmentation Engine/crm-territory-engine/venv/lib/python3.11/site-packages/airflow/example_dags/example_python_decorator.py                                                          0           0
/Users/manny/Documents/Coding/JobSearch/Enterprise CRM Territory & Segmentation Engine/crm-territory-engine/venv/lib/python3.11/site-packages/airflow/example_dags/example_sla_dag.py                                                                   0           0
/Users/manny/Documents/Coding/JobSearch/Enterprise CRM Territory & Segmentation Engine/crm-territory-engine/venv/lib/python3.11/site-packages/airflow/example_dags/example_passing_params_via_test_command.py                                           0           0
/Users/manny/Documents/Coding/JobSearch/Enterprise CRM Territory & Segmentation Engine/crm-territory-engine/venv/lib/python3.11/site-packages/airflow/example_dags/example_latest_only_with_trigger.py                                                  0           0
/Users/manny/Documents/Coding/JobSearch/Enterprise CRM Territory & Segmentation Engine/crm-territory-engine/venv/lib/python3.11/site-packages/airflow/example_dags/example_time_delta_sensor_async.py                                                   0           0
/Users/manny/Documents/Coding/JobSearch/Enterprise CRM Territory & Segmentation Engine/crm-territory-engine/venv/lib/python3.11/site-packages/airflow/example_dags/example_dag_decorator.py                                                             0           0
/Users/manny/Documents/Coding/JobSearch/Enterprise CRM Territory & Segmentation Engine/crm-territory-engine/venv/lib/python3.11/site-packages/airflow/example_dags/example_xcom.py                                                                      0           0
/Users/manny/Documents/Coding/JobSearch/Enterprise CRM Territory & Segmentation Engine/crm-territory-engine/venv/lib/python3.11/site-packages/airflow/example_dags/example_xcomargs.py                                                                  0           0
/Users/manny/Documents/Coding/JobSearch/Enterprise CRM Territory & Segmentation Engine/crm-territory-engine/venv/lib/python3.11/site-packages/airflow/example_dags/example_display_name.py                                                              0           0
/Users/manny/Documents/Coding/JobSearch/Enterprise CRM Territory & Segmentation Engine/crm-territory-engine/venv/lib/python3.11/site-packages/airflow/example_dags/example_branch_operator_decorator.py                                                 0           0
/Users/manny/Documents/Coding/JobSearch/Enterprise CRM Territory & Segmentation Engine/crm-territory-engine/venv/lib/python3.11/site-packages/airflow/example_dags/example_branch_day_of_week_operator.py                                               0           0
/Users/manny/Documents/Coding/JobSearch/Enterprise CRM Territory & Segmentation Engine/crm-territory-engine/venv/lib/python3.11/site-packages/airflow/example_dags/example_skip_dag.py                                                                  0           0
/Users/manny/Documents/Coding/JobSearch/Enterprise CRM Territory & Segmentation Engine/crm-territory-engine/venv/lib/python3.11/site-packages/airflow/example_dags/example_short_circuit_decorator.py                                                   0           0
/Users/manny/Documents/Coding/JobSearch/Enterprise CRM Territory & Segmentation Engine/crm-territory-engine/venv/lib/python3.11/site-packages/airflow/example_dags/example_datasets.py                                                                  0           0
/Users/manny/Documents/Coding/JobSearch/Enterprise CRM Territory & Segmentation Engine/crm-territory-engine/venv/lib/python3.11/site-packages/airflow/example_dags/tutorial_dag.py                                                                      0           0
/Users/manny/Documents/Coding/JobSearch/Enterprise CRM Territory & Segmentation Engine/crm-territory-engine/venv/lib/python3.11/site-packages/airflow/example_dags/example_trigger_target_dag.py                                                        0           0
/Users/manny/Documents/Coding/JobSearch/Enterprise CRM Territory & Segmentation Engine/crm-territory-engine/venv/lib/python3.11/site-packages/airflow/example_dags/example_bash_decorator.py                                                            0           0
/Users/manny/Documents/Coding/JobSearch/Enterprise CRM Territory & Segmentation Engine/crm-territory-engine/venv/lib/python3.11/site-packages/airflow/example_dags/example_sensor_decorator.py                                                          0           0
/Users/manny/Documents/Coding/JobSearch/Enterprise CRM Territory & Segmentation Engine/crm-territory-engine/venv/lib/python3.11/site-packages/airflow/example_dags/example_kubernetes_executor.py                                                       0           0
/Users/manny/Documents/Coding/JobSearch/Enterprise CRM Territory & Segmentation Engine/crm-territory-engine/venv/lib/python3.11/site-packages/airflow/example_dags/example_branch_python_dop_operator_3.py                                              0           0
/Users/manny/Documents/Coding/JobSearch/Enterprise CRM Territory & Segmentation Engine/crm-territory-engine/venv/lib/python3.11/site-packages/airflow/example_dags/example_sensors.py                                                                   0           0
/Users/manny/Documents/Coding/JobSearch/Enterprise CRM Territory & Segmentation Engine/crm-territory-engine/venv/lib/python3.11/site-packages/airflow/example_dags/example_setup_teardown_taskflow.py                                                   0           0
/Users/manny/Documents/Coding/JobSearch/Enterprise CRM Territory & Segmentation Engine/crm-territory-engine/venv/lib/python3.11/site-packages/airflow/example_dags/example_branch_datetime_operator.py                                                  0           0
/Users/manny/Documents/Coding/JobSearch/Enterprise CRM Territory & Segmentation Engine/crm-territory-engine/venv/lib/python3.11/site-packages/airflow/example_dags/example_nested_branch_dag.py                                                         0           0
/Users/manny/Documents/Coding/JobSearch/Enterprise CRM Territory & Segmentation Engine/crm-territory-engine/venv/lib/python3.11/site-packages/airflow/example_dags/example_subdag_operator.py                                                           0           0
/Users/manny/Documents/Coding/JobSearch/Enterprise CRM Territory & Segmentation Engine/crm-territory-engine/venv/lib/python3.11/site-packages/airflow/example_dags/example_dynamic_task_mapping_with_no_taskflow_operators.py                           0           0
/Users/manny/Documents/Coding/JobSearch/Enterprise CRM Territory & Segmentation Engine/crm-territory-engine/venv/lib/python3.11/site-packages/airflow/example_dags/example_trigger_controller_dag.py                                                    0           0
/Users/manny/Documents/Coding/JobSearch/Enterprise CRM Territory & Segmentation Engine/crm-territory-engine/venv/lib/python3.11/site-packages/airflow/example_dags/example_params_ui_tutorial.py                                                        0           0
/Users/manny/Documents/Coding/JobSearch/Enterprise CRM Territory & Segmentation Engine/crm-territory-engine/venv/lib/python3.11/site-packages/airflow/example_dags/example_dynamic_task_mapping.py                                                      0           0
/Users/manny/Documents/Coding/JobSearch/Enterprise CRM Territory & Segmentation Engine/crm-territory-engine/venv/lib/python3.11/site-packages/airflow/example_dags/plugins/decreasing_priority_weight_strategy.py                                       0           0
/Users/manny/Documents/Coding/JobSearch/Enterprise CRM Territory & Segmentation Engine/crm-territory-engine/venv/lib/python3.11/site-packages/airflow/example_dags/plugins/workday.py                                                                   0           0
/Users/manny/Documents/Coding/JobSearch/Enterprise CRM Territory & Segmentation Engine/crm-territory-engine/venv/lib/python3.11/site-packages/airflow/example_dags/plugins/event_listener.py                                                            0           0
/Users/manny/Documents/Coding/JobSearch/Enterprise CRM Territory & Segmentation Engine/crm-territory-engine/venv/lib/python3.11/site-packages/airflow/example_dags/plugins/listener_plugin.py                                                           0           0
/Users/manny/Documents/Coding/JobSearch/Enterprise CRM Territory & Segmentation Engine/crm-territory-engine/venv/lib/python3.11/site-packages/airflow/example_dags/subdags/subdag.py                                                                    0           0
================================================================================
[2025-12-03T16:53:39.502-0500] {manager.py:452} INFO - Exiting gracefully upon receiving signal 15
